<?xml version="1.0" encoding="UTF-8"?>
<!-- Generated by org.testng.reporters.JUnitXMLReporter -->
<testsuite hostname="Ravi.local" name="Test" tests="8" failures="0" timestamp="11 Jul 2020 13:55:31 GMT" time="0.132" errors="0">
  <testcase name="tc_2" time="0.023" classname="com.parallel.test.parallelTestExecution"/>
  <testcase name="tc_3" time="0.001" classname="com.parallel.test.parallelTestExecution"/>
  <testcase name="tc_1" time="0.027" classname="com.parallel.test.parallelTestExecution"/>
  <testcase name="tc_4" time="0.002" classname="com.parallel.test.parallelTestExecution"/>
  <testcase name="tc_5" time="0.003" classname="com.parallel.test.parallelTestExecution1"/>
  <testcase name="tc_6" time="0.002" classname="com.parallel.test.parallelTestExecution1"/>
  <testcase name="tc_7" time="0.004" classname="com.parallel.test.parallelTestExecution1"/>
  <testcase name="tc_8" time="0.003" classname="com.parallel.test.parallelTestExecution1"/>
</testsuite> <!-- Test -->
