<?xml version="1.0" encoding="UTF-8"?>
<!-- Generated by org.testng.reporters.JUnitXMLReporter -->
<testsuite hostname="Ravi.local" ignored="4" name="chrome(failed)" tests="4" failures="0" timestamp="11 Jul 2020 14:59:15 GMT" time="10.403" errors="0">
  <testcase name="tc_8" time="0.009" classname="com.parallel.test.parallelTestExecution1"/>
  <testcase name="tc_6" time="0.007" classname="com.parallel.test.parallelTestExecution1"/>
  <testcase name="tc_7" time="0.002" classname="com.parallel.test.parallelTestExecution1"/>
  <testcase name="tc_2" time="0.002" classname="com.parallel.test.parallelTestExecution"/>
  <testcase name="tc_5" time="0.0" classname="com.parallel.test.parallelTestExecution1">
    <ignored/>
  </testcase> <!-- tc_5 -->
  <testcase name="tc_4" time="0.0" classname="com.parallel.test.parallelTestExecution">
    <ignored/>
  </testcase> <!-- tc_4 -->
  <testcase name="tc_3" time="0.0" classname="com.parallel.test.parallelTestExecution">
    <ignored/>
  </testcase> <!-- tc_3 -->
  <testcase name="tc_1" time="0.0" classname="com.parallel.test.parallelTestExecution">
    <ignored/>
  </testcase> <!-- tc_1 -->
</testsuite> <!-- chrome(failed) -->
